[0m[[0m[0mdebug[0m] [0m[0m> Exec(test, Some(ae4ad3bc-d13e-4550-9f5a-8dfe0fbfce26), Some(CommandSource(console0)))[0m
[0m[[0m[0mdebug[0m] [0m[0mEvaluating tasks: Test / test[0m
[0m[[0m[0mdebug[0m] [0m[0mRunning task... Cancel: Signal, check cycles: false, forcegc: true[0m
[0m[[0m[0minfo[0m] [0m[0mcompiling 5 Scala sources to /home/victor/Documents/dev/1-Software-Development/scala/trainee_program_scala/module 9 - akka_streams_professional/2-lightbend_akka_streams_for_scala_Professional/LTS-P-lightbend-akka-streams-for-scala-professional-v1/exercises/exercises/target/scala-2.13/classes ...[0m
[0m[[0m[0minfo[0m] [0m[0mcompiling 1 Scala source to /home/victor/Documents/dev/1-Software-Development/scala/trainee_program_scala/module 9 - akka_streams_professional/2-lightbend_akka_streams_for_scala_Professional/LTS-P-lightbend-akka-streams-for-scala-professional-v1/exercises/exercises/target/scala-2.13/test-classes ...[0m
[0m[[0m[0minfo[0m] [0m[0m[32mEngineShopTest:[0m[0m
[0m[[0m[0minfo[0m] [0m[0m[32mshipments[0m[0m
[0m[[0m[0minfo[0m] [0m[0m[32m- should emit a series of unique shipments[0m[0m
[0m[[0m[0minfo[0m] [0m[0m[32m- should emit unique engines from one shipment to the next[0m[0m
[0m[[0m[0minfo[0m] [0m[0m[32mBodyShopTest:[0m[0m
[0m[[0m[0minfo[0m] [0m[0m[32mcars[0m[0m
[0m[[0m[0minfo[0m] [0m[0m[32m- should return cars at the expected rate[0m[0m
[0m[[0m[0minfo[0m] [0m[0m[32mWheelShopTest:[0m[0m
[0m[[0m[0minfo[0m] [0m[0m[32mwheels[0m[0m
[0m[[0m[0minfo[0m] [0m[0m[32m- should return a series of wheels[0m[0m
[0m[[0m[0minfo[0m] [0m[0m[32mAuditorTest:[0m[0m
[0m[[0m[0minfo[0m] [0m[0m[32mcount[0m[0m
[0m[[0m[0minfo[0m] [0m[0m[32m- should return zero if the stream is empty[0m[0m
[0m[[0m[0minfo[0m] [0m[0m[32m- should count elements in the stream[0m[0m
[0m[[0m[0minfo[0m] [0m[0m[32mlog[0m[0m
[0m[[0m[0minfo[0m] [0m[0m[32m- should log nothing if the source is empty.[0m[0m
[0m[[0m[0minfo[0m] [0m[0m[32m- should log all elements to the logging adapter.[0m[0m
[0m[[0m[0minfo[0m] [0m[0m[32m- should log the exact element[0m[0m
[0m[[0m[0minfo[0m] [0m[0m[32mPaintShopTest:[0m[0m
[0m[[0m[0minfo[0m] [0m[0m[32mcolors[0m[0m
[0m[[0m[0minfo[0m] [0m[0m[32m- should repeat each color in the color set[0m[0m
[0m[[0m[0minfo[0m] [0m[0m[36mRun completed in 4 seconds, 896 milliseconds.[0m[0m
[0m[[0m[0minfo[0m] [0m[0m[36mTotal number of tests run: 10[0m[0m
[0m[[0m[0minfo[0m] [0m[0m[36mSuites: completed 5, aborted 0[0m[0m
[0m[[0m[0minfo[0m] [0m[0m[36mTests: succeeded 10, failed 0, canceled 0, ignored 0, pending 0[0m[0m
[0m[[0m[0minfo[0m] [0m[0m[32mAll tests passed.[0m[0m
[0m[[0m[0mdebug[0m] [0m[0mForcing garbage collection...[0m
[0m[[0m[32msuccess[0m] [0m[0mTotal time: 21 s, completed Dec 15, 2022, 11:13:10 AM[0m
[0m[[0m[0mdebug[0m] [0m[0m> Exec(shell, None, None)[0m
[0m[[0m[0mdebug[0m] [0m[0mForcing garbage collection...[0m
[0m[[0m[0minfo[0m] [0m[0mshutting down sbt server[0m
